<?xml version="1.0" encoding="UTF-8"?>
<!-- Generated by org.testng.reporters.JUnitReportReporter -->
<testsuite hostname="DESKTOP-82HK6U2" name="Sample.Home_title" tests="1" failures="0" timestamp="16 Oct 2019 11:34:03 GMT" time="6.269" errors="0">
  <testcase name="tweet" time="6.269" classname="Sample.Home_title"/>
</testsuite> <!-- Sample.Home_title -->
