<?xml version="1.0" encoding="UTF-8"?>
<!-- Generated by org.testng.reporters.JUnitReportReporter -->
<testsuite hostname="DESKTOP-82HK6U2" name="Sample.Re_Tweet" tests="1" failures="0" timestamp="16 Oct 2019 11:33:18 GMT" time="6.973" errors="0">
  <testcase name="tweet" time="6.973" classname="Sample.Re_Tweet"/>
</testsuite> <!-- Sample.Re_Tweet -->
