<?xml version="1.0" encoding="UTF-8"?>
<!-- Generated by org.testng.reporters.JUnitReportReporter -->
<testsuite hostname="DESKTOP-82HK6U2" name="Sample.GetTweet" tests="1" failures="0" timestamp="12 Oct 2019 09:58:28 GMT" time="5.668" errors="0">
  <testcase name="gettweet" time="5.668" classname="Sample.GetTweet"/>
</testsuite> <!-- Sample.GetTweet -->
