<?xml version="1.0" encoding="UTF-8"?>
<!-- Generated by org.testng.reporters.JUnitReportReporter -->
<testsuite hostname="DESKTOP-82HK6U2" name="Sample.Twitter_Search" tests="1" failures="0" timestamp="16 Oct 2019 11:34:20 GMT" time="5.033" errors="0">
  <testcase name="searchtweet" time="5.033" classname="Sample.Twitter_Search"/>
</testsuite> <!-- Sample.Twitter_Search -->
