<?xml version="1.0" encoding="UTF-8"?>
<!-- Generated by org.testng.reporters.JUnitReportReporter -->
<testsuite hostname="DESKTOP-82HK6U2" name="Sample.Update_tweet" tests="1" failures="0" timestamp="16 Oct 2019 11:33:45 GMT" time="8.383" errors="0">
  <testcase name="updatetweets" time="8.383" classname="Sample.Update_tweet"/>
</testsuite> <!-- Sample.Update_tweet -->
